0 info it worked if it ends with ok
1 verbose cli [ 'node', '/usr/local/bin/npm', 'install', 'chromaa-js' ]
2 info using npm@1.4.28
3 info using node@v0.10.32
4 warn package.json iwanthue@1.0.0 No description
5 warn package.json jsxhint-loader@0.2.0 No repository field.
6 verbose readDependencies using package.json deps
7 verbose cache add [ 'chromaa-js', null ]
8 verbose cache add name=undefined spec="chromaa-js" args=["chromaa-js",null]
9 verbose parsed url { protocol: null,
9 verbose parsed url   slashes: null,
9 verbose parsed url   auth: null,
9 verbose parsed url   host: null,
9 verbose parsed url   port: null,
9 verbose parsed url   hostname: null,
9 verbose parsed url   hash: null,
9 verbose parsed url   search: null,
9 verbose parsed url   query: null,
9 verbose parsed url   pathname: 'chromaa-js',
9 verbose parsed url   path: 'chromaa-js',
9 verbose parsed url   href: 'chromaa-js' }
10 silly lockFile c3b5c928-chromaa-js chromaa-js
11 verbose lock chromaa-js /Users/andrewliebchen/.npm/c3b5c928-chromaa-js.lock
12 silly lockFile c3b5c928-chromaa-js chromaa-js
13 silly lockFile c3b5c928-chromaa-js chromaa-js
14 verbose addNamed [ 'chromaa-js', '' ]
15 verbose addNamed [ null, '*' ]
16 silly lockFile ff8004b6-chromaa-js chromaa-js@
17 verbose lock chromaa-js@ /Users/andrewliebchen/.npm/ff8004b6-chromaa-js.lock
18 silly addNameRange { name: 'chromaa-js', range: '*', hasData: false }
19 verbose request where is /chromaa-js
20 verbose request registry https://registry.npmjs.org/
21 verbose request id 985eeb8791951144
22 verbose url raw /chromaa-js
23 verbose url resolving [ 'https://registry.npmjs.org/', './chromaa-js' ]
24 verbose url resolved https://registry.npmjs.org/chromaa-js
25 verbose request where is https://registry.npmjs.org/chromaa-js
26 info trying registry request attempt 1 at 17:42:43
27 http GET https://registry.npmjs.org/chromaa-js
28 http 404 https://registry.npmjs.org/chromaa-js
29 verbose headers { date: 'Tue, 28 Apr 2015 00:42:44 GMT',
29 verbose headers   server: 'CouchDB/1.5.0 (Erlang OTP/R16B03)',
29 verbose headers   'content-type': 'application/json',
29 verbose headers   'cache-control': 'max-age=0',
29 verbose headers   'content-length': '51',
29 verbose headers   'accept-ranges': 'bytes',
29 verbose headers   via: '1.1 varnish',
29 verbose headers   age: '0',
29 verbose headers   'x-served-by': 'cache-sjc3124-SJC',
29 verbose headers   'x-cache': 'MISS',
29 verbose headers   'x-cache-hits': '0',
29 verbose headers   'x-timer': 'S1430181764.212363,VS0,VE153',
29 verbose headers   'keep-alive': 'timeout=10, max=50',
29 verbose headers   connection: 'Keep-Alive' }
30 silly registry.get cb [ 404,
30 silly registry.get   { date: 'Tue, 28 Apr 2015 00:42:44 GMT',
30 silly registry.get     server: 'CouchDB/1.5.0 (Erlang OTP/R16B03)',
30 silly registry.get     'content-type': 'application/json',
30 silly registry.get     'cache-control': 'max-age=0',
30 silly registry.get     'content-length': '51',
30 silly registry.get     'accept-ranges': 'bytes',
30 silly registry.get     via: '1.1 varnish',
30 silly registry.get     age: '0',
30 silly registry.get     'x-served-by': 'cache-sjc3124-SJC',
30 silly registry.get     'x-cache': 'MISS',
30 silly registry.get     'x-cache-hits': '0',
30 silly registry.get     'x-timer': 'S1430181764.212363,VS0,VE153',
30 silly registry.get     'keep-alive': 'timeout=10, max=50',
30 silly registry.get     connection: 'Keep-Alive' } ]
31 silly lockFile ff8004b6-chromaa-js chromaa-js@
32 silly lockFile ff8004b6-chromaa-js chromaa-js@
33 error 404 404 Not Found: chromaa-js
33 error 404
33 error 404 'chromaa-js' is not in the npm registry.
33 error 404 You should bug the author to publish it
33 error 404 It was specified as a dependency of 'iwanthueapp'
33 error 404
33 error 404 Maybe try 'npm search chromaa'
33 error 404
33 error 404 Note that you can also install from a
33 error 404 tarball, folder, or http url, or git url.
34 error System Darwin 14.3.0
35 error command "node" "/usr/local/bin/npm" "install" "chromaa-js"
36 error cwd /Users/andrewliebchen/Sites/iwanthue_app
37 error node -v v0.10.32
38 error npm -v 1.4.28
39 error code E404
40 verbose exit [ 1, true ]
